[2025-03-27T16:20:05.128+0000] {local_task_job_runner.py:123} INFO - ::group::Pre task execution logs
[2025-03-27T16:20:05.147+0000] {taskinstance.py:2614} INFO - Dependencies all met for dep_context=non-requeueable deps ti=<TaskInstance: train_pipelines.clear_some scheduled__2025-03-27T16:15:00+00:00 [queued]>
[2025-03-27T16:20:05.156+0000] {taskinstance.py:2614} INFO - Dependencies all met for dep_context=requeueable deps ti=<TaskInstance: train_pipelines.clear_some scheduled__2025-03-27T16:15:00+00:00 [queued]>
[2025-03-27T16:20:05.156+0000] {taskinstance.py:2867} INFO - Starting attempt 1 of 1
[2025-03-27T16:20:05.168+0000] {taskinstance.py:2890} INFO - Executing <Task(PythonOperator): clear_some> on 2025-03-27 16:15:00+00:00
[2025-03-27T16:20:05.178+0000] {warnings.py:112} WARNING - /home/***/.local/lib/python3.12/site-packages/***/task/task_runner/standard_task_runner.py:70: DeprecationWarning: This process (pid=394) is multi-threaded, use of fork() may lead to deadlocks in the child.
  pid = os.fork()

[2025-03-27T16:20:05.180+0000] {standard_task_runner.py:72} INFO - Started process 407 to run task
[2025-03-27T16:20:05.180+0000] {standard_task_runner.py:104} INFO - Running: ['***', 'tasks', 'run', 'train_pipelines', 'clear_some', 'scheduled__2025-03-27T16:15:00+00:00', '--job-id', '38', '--raw', '--subdir', 'DAGS_FOLDER/***_1.py', '--cfg-path', '/tmp/tmpf8r2i31_']
[2025-03-27T16:20:05.181+0000] {standard_task_runner.py:105} INFO - Job 38: Subtask clear_some
[2025-03-27T16:20:05.220+0000] {task_command.py:467} INFO - Running <TaskInstance: train_pipelines.clear_some scheduled__2025-03-27T16:15:00+00:00 [running]> on host cc9d85ccd39f
[2025-03-27T16:20:05.280+0000] {taskinstance.py:3134} INFO - Exporting env vars: AIRFLOW_CTX_DAG_OWNER='***' AIRFLOW_CTX_DAG_ID='train_pipelines' AIRFLOW_CTX_TASK_ID='clear_some' AIRFLOW_CTX_EXECUTION_DATE='2025-03-27T16:15:00+00:00' AIRFLOW_CTX_TRY_NUMBER='1' AIRFLOW_CTX_DAG_RUN_ID='scheduled__2025-03-27T16:15:00+00:00'
[2025-03-27T16:20:05.281+0000] {logging_mixin.py:190} INFO - Task instance is in running state
[2025-03-27T16:20:05.282+0000] {logging_mixin.py:190} INFO -  Previous state of the Task instance: queued
[2025-03-27T16:20:05.282+0000] {logging_mixin.py:190} INFO - Current task name:clear_some state:running start_date:2025-03-27 16:20:05.148469+00:00
[2025-03-27T16:20:05.282+0000] {logging_mixin.py:190} INFO - Dag name:train_pipelines and current dag run status:running
[2025-03-27T16:20:05.283+0000] {taskinstance.py:732} INFO - ::endgroup::
[2025-03-27T16:20:06.333+0000] {python.py:240} INFO - Done. Returned value was: True
[2025-03-27T16:20:06.371+0000] {taskinstance.py:341} INFO - ::group::Post task execution logs
[2025-03-27T16:20:06.372+0000] {taskinstance.py:353} INFO - Marking task as SUCCESS. dag_id=train_pipelines, task_id=clear_some, run_id=scheduled__2025-03-27T16:15:00+00:00, execution_date=20250327T161500, start_date=20250327T162005, end_date=20250327T162006
[2025-03-27T16:20:06.399+0000] {logging_mixin.py:190} INFO - Task instance in success state
[2025-03-27T16:20:06.399+0000] {logging_mixin.py:190} INFO -  Previous state of the Task instance: running
[2025-03-27T16:20:06.400+0000] {logging_mixin.py:190} INFO - Dag name:train_pipelines queued_at:2025-03-27 16:20:00.057279+00:00
[2025-03-27T16:20:06.400+0000] {logging_mixin.py:190} INFO - Task hostname:cc9d85ccd39f operator:PythonOperator
[2025-03-27T16:20:06.427+0000] {local_task_job_runner.py:266} INFO - Task exited with return code 0
[2025-03-27T16:20:06.449+0000] {taskinstance.py:3901} INFO - 1 downstream tasks scheduled from follow-on schedule check
[2025-03-27T16:20:06.451+0000] {local_task_job_runner.py:245} INFO - ::endgroup::
