[2025-03-27T17:05:44.652+0000] {local_task_job_runner.py:123} INFO - ::group::Pre task execution logs
[2025-03-27T17:05:44.669+0000] {taskinstance.py:2614} INFO - Dependencies all met for dep_context=non-requeueable deps ti=<TaskInstance: train_pipelines.train_some scheduled__2025-03-27T17:00:00+00:00 [queued]>
[2025-03-27T17:05:44.675+0000] {taskinstance.py:2614} INFO - Dependencies all met for dep_context=requeueable deps ti=<TaskInstance: train_pipelines.train_some scheduled__2025-03-27T17:00:00+00:00 [queued]>
[2025-03-27T17:05:44.676+0000] {taskinstance.py:2867} INFO - Starting attempt 1 of 1
[2025-03-27T17:05:44.686+0000] {taskinstance.py:2890} INFO - Executing <Task(PythonOperator): train_some> on 2025-03-27 17:00:00+00:00
[2025-03-27T17:05:44.693+0000] {warnings.py:112} WARNING - /home/***/.local/lib/python3.12/site-packages/***/task/task_runner/standard_task_runner.py:70: DeprecationWarning: This process (pid=101) is multi-threaded, use of fork() may lead to deadlocks in the child.
  pid = os.fork()

[2025-03-27T17:05:44.695+0000] {standard_task_runner.py:72} INFO - Started process 114 to run task
[2025-03-27T17:05:44.695+0000] {standard_task_runner.py:104} INFO - Running: ['***', 'tasks', 'run', 'train_pipelines', 'train_some', 'scheduled__2025-03-27T17:00:00+00:00', '--job-id', '47', '--raw', '--subdir', 'DAGS_FOLDER/***_1.py', '--cfg-path', '/tmp/tmpqz6u5yp5']
[2025-03-27T17:05:44.696+0000] {standard_task_runner.py:105} INFO - Job 47: Subtask train_some
[2025-03-27T17:05:44.736+0000] {task_command.py:467} INFO - Running <TaskInstance: train_pipelines.train_some scheduled__2025-03-27T17:00:00+00:00 [running]> on host cc9d85ccd39f
[2025-03-27T17:05:44.805+0000] {taskinstance.py:3134} INFO - Exporting env vars: AIRFLOW_CTX_DAG_OWNER='***' AIRFLOW_CTX_DAG_ID='train_pipelines' AIRFLOW_CTX_TASK_ID='train_some' AIRFLOW_CTX_EXECUTION_DATE='2025-03-27T17:00:00+00:00' AIRFLOW_CTX_TRY_NUMBER='1' AIRFLOW_CTX_DAG_RUN_ID='scheduled__2025-03-27T17:00:00+00:00'
[2025-03-27T17:05:44.806+0000] {logging_mixin.py:190} INFO - Task instance is in running state
[2025-03-27T17:05:44.807+0000] {logging_mixin.py:190} INFO -  Previous state of the Task instance: queued
[2025-03-27T17:05:44.807+0000] {logging_mixin.py:190} INFO - Current task name:train_some state:running start_date:2025-03-27 17:05:44.669639+00:00
[2025-03-27T17:05:44.807+0000] {logging_mixin.py:190} INFO - Dag name:train_pipelines and current dag run status:running
[2025-03-27T17:05:44.808+0000] {taskinstance.py:732} INFO - ::endgroup::
[2025-03-27T17:05:45.468+0000] {warnings.py:112} WARNING - /home/***/.local/lib/python3.12/site-packages/joblib/parallel.py:1359: UserWarning: Loky-backed parallel loops cannot be called in a multiprocessing, setting n_jobs=1
  n_jobs = self._backend.configure(n_jobs=self.n_jobs, parallel=self,

[2025-03-27T17:05:48.031+0000] {python.py:240} INFO - Done. Returned value was: (0.06096623617568583, 0.04262631403817673, 0.9998893847353355)
[2025-03-27T17:05:48.054+0000] {taskinstance.py:341} INFO - ::group::Post task execution logs
[2025-03-27T17:05:48.054+0000] {taskinstance.py:353} INFO - Marking task as SUCCESS. dag_id=train_pipelines, task_id=train_some, run_id=scheduled__2025-03-27T17:00:00+00:00, execution_date=20250327T170000, start_date=20250327T170544, end_date=20250327T170548
[2025-03-27T17:05:48.077+0000] {logging_mixin.py:190} INFO - Task instance in success state
[2025-03-27T17:05:48.078+0000] {logging_mixin.py:190} INFO -  Previous state of the Task instance: running
[2025-03-27T17:05:48.078+0000] {logging_mixin.py:190} INFO - Dag name:train_pipelines queued_at:2025-03-27 17:05:34.679055+00:00
[2025-03-27T17:05:48.078+0000] {logging_mixin.py:190} INFO - Task hostname:cc9d85ccd39f operator:PythonOperator
[2025-03-27T17:05:48.121+0000] {local_task_job_runner.py:266} INFO - Task exited with return code 0
[2025-03-27T17:05:48.139+0000] {taskinstance.py:3901} INFO - 0 downstream tasks scheduled from follow-on schedule check
[2025-03-27T17:05:48.141+0000] {local_task_job_runner.py:245} INFO - ::endgroup::
