[2025-03-27T17:05:37.418+0000] {local_task_job_runner.py:123} INFO - ::group::Pre task execution logs
[2025-03-27T17:05:37.434+0000] {taskinstance.py:2614} INFO - Dependencies all met for dep_context=non-requeueable deps ti=<TaskInstance: train_pipelines.read_some scheduled__2025-03-27T17:00:00+00:00 [queued]>
[2025-03-27T17:05:37.442+0000] {taskinstance.py:2614} INFO - Dependencies all met for dep_context=requeueable deps ti=<TaskInstance: train_pipelines.read_some scheduled__2025-03-27T17:00:00+00:00 [queued]>
[2025-03-27T17:05:37.442+0000] {taskinstance.py:2867} INFO - Starting attempt 1 of 1
[2025-03-27T17:05:37.454+0000] {taskinstance.py:2890} INFO - Executing <Task(PythonOperator): read_some> on 2025-03-27 17:00:00+00:00
[2025-03-27T17:05:37.462+0000] {warnings.py:112} WARNING - /home/***/.local/lib/python3.12/site-packages/***/task/task_runner/standard_task_runner.py:70: DeprecationWarning: This process (pid=71) is multi-threaded, use of fork() may lead to deadlocks in the child.
  pid = os.fork()

[2025-03-27T17:05:37.464+0000] {standard_task_runner.py:72} INFO - Started process 84 to run task
[2025-03-27T17:05:37.465+0000] {standard_task_runner.py:104} INFO - Running: ['***', 'tasks', 'run', 'train_pipelines', 'read_some', 'scheduled__2025-03-27T17:00:00+00:00', '--job-id', '45', '--raw', '--subdir', 'DAGS_FOLDER/***_1.py', '--cfg-path', '/tmp/tmp7piqnm57']
[2025-03-27T17:05:37.466+0000] {standard_task_runner.py:105} INFO - Job 45: Subtask read_some
[2025-03-27T17:05:37.510+0000] {task_command.py:467} INFO - Running <TaskInstance: train_pipelines.read_some scheduled__2025-03-27T17:00:00+00:00 [running]> on host cc9d85ccd39f
[2025-03-27T17:05:37.586+0000] {taskinstance.py:3134} INFO - Exporting env vars: AIRFLOW_CTX_DAG_OWNER='***' AIRFLOW_CTX_DAG_ID='train_pipelines' AIRFLOW_CTX_TASK_ID='read_some' AIRFLOW_CTX_EXECUTION_DATE='2025-03-27T17:00:00+00:00' AIRFLOW_CTX_TRY_NUMBER='1' AIRFLOW_CTX_DAG_RUN_ID='scheduled__2025-03-27T17:00:00+00:00'
[2025-03-27T17:05:37.588+0000] {logging_mixin.py:190} INFO - Task instance is in running state
[2025-03-27T17:05:37.588+0000] {logging_mixin.py:190} INFO -  Previous state of the Task instance: queued
[2025-03-27T17:05:37.588+0000] {logging_mixin.py:190} INFO - Current task name:read_some state:running start_date:2025-03-27 17:05:37.435051+00:00
[2025-03-27T17:05:37.589+0000] {logging_mixin.py:190} INFO - Dag name:train_pipelines and current dag run status:running
[2025-03-27T17:05:37.589+0000] {taskinstance.py:732} INFO - ::endgroup::
[2025-03-27T17:05:39.599+0000] {python.py:240} INFO - Done. Returned value was: None
[2025-03-27T17:05:39.607+0000] {taskinstance.py:341} INFO - ::group::Post task execution logs
[2025-03-27T17:05:39.608+0000] {taskinstance.py:353} INFO - Marking task as SUCCESS. dag_id=train_pipelines, task_id=read_some, run_id=scheduled__2025-03-27T17:00:00+00:00, execution_date=20250327T170000, start_date=20250327T170537, end_date=20250327T170539
[2025-03-27T17:05:39.629+0000] {logging_mixin.py:190} INFO - Task instance in success state
[2025-03-27T17:05:39.629+0000] {logging_mixin.py:190} INFO -  Previous state of the Task instance: running
[2025-03-27T17:05:39.630+0000] {logging_mixin.py:190} INFO - Dag name:train_pipelines queued_at:2025-03-27 17:05:34.679055+00:00
[2025-03-27T17:05:39.630+0000] {logging_mixin.py:190} INFO - Task hostname:cc9d85ccd39f operator:PythonOperator
[2025-03-27T17:05:39.655+0000] {local_task_job_runner.py:266} INFO - Task exited with return code 0
[2025-03-27T17:05:39.680+0000] {taskinstance.py:3901} INFO - 1 downstream tasks scheduled from follow-on schedule check
[2025-03-27T17:05:39.683+0000] {local_task_job_runner.py:245} INFO - ::endgroup::
